[2017-10-19T01:43:22.338Z] Waiting for messages...
[2017-10-19T01:43:22.345Z] DJ0-say Hello, my name is DJ bot!
[2017-10-19T01:47:44.624Z] DJ0-vol 50
[2017-10-19T01:47:44.664Z] DJ0-say Hello! What would you like to listen to next?
[2017-10-19T01:47:52.474Z] DJ0-vol 51
[2017-10-19T01:47:52.501Z] DJ0-vol 52
[2017-10-19T01:47:52.525Z] DJ0-vol 53
[2017-10-19T01:47:52.550Z] DJ0-vol 54
[2017-10-19T01:47:52.576Z] DJ0-vol 55
[2017-10-19T01:47:52.602Z] DJ0-vol 56
[2017-10-19T01:47:52.628Z] DJ0-vol 57
[2017-10-19T01:47:52.675Z] DJ0-vol 58
[2017-10-19T01:47:52.693Z] DJ0-vol 59
[2017-10-19T01:47:52.706Z] DJ0-vol 60
[2017-10-19T01:47:52.735Z] DJ0-vol 61
[2017-10-19T01:47:52.761Z] DJ0-vol 62
[2017-10-19T01:47:52.817Z] DJ0-vol 63
[2017-10-19T01:47:52.823Z] DJ0-vol 64
[2017-10-19T01:47:52.841Z] DJ0-vol 65
[2017-10-19T01:47:52.866Z] DJ0-vol 66
[2017-10-19T01:47:52.903Z] DJ0-vol 67
[2017-10-19T01:47:52.977Z] DJ0-vol 68
[2017-10-19T01:47:53.029Z] DJ0-vol 69
[2017-10-19T01:47:53.067Z] DJ0-vol 70
[2017-10-19T01:47:53.079Z] DJ0-vol 71
[2017-10-19T01:47:53.089Z] DJ0-vol 72
[2017-10-19T01:47:53.101Z] DJ0-vol 73
[2017-10-19T01:47:53.108Z] DJ0-vol 74
[2017-10-19T01:47:53.120Z] DJ0-vol 75
[2017-10-19T01:47:53.129Z] DJ0-vol 76
[2017-10-19T01:47:53.146Z] DJ0-vol 77
[2017-10-19T01:47:53.174Z] DJ0-vol 78
[2017-10-19T01:47:53.334Z] DJ0-vol 79
[2017-10-19T01:47:53.342Z] DJ0-vol 80
[2017-10-19T01:47:53.363Z] DJ0-vol 81
[2017-10-19T01:47:53.374Z] DJ0-vol 82
[2017-10-19T01:47:53.381Z] DJ0-vol 83
[2017-10-19T01:47:53.392Z] DJ0-vol 84
[2017-10-19T01:47:53.399Z] DJ0-vol 85
[2017-10-19T01:47:53.407Z] DJ0-vol 86
[2017-10-19T01:47:53.414Z] DJ0-vol 87
[2017-10-19T01:47:53.433Z] DJ0-vol 88
[2017-10-19T01:47:53.693Z] DJ0-vol 89
[2017-10-19T01:47:53.700Z] DJ0-vol 90
[2017-10-19T01:47:53.708Z] DJ0-vol 91
[2017-10-19T01:47:53.714Z] DJ0-vol 92
[2017-10-19T01:47:53.721Z] DJ0-vol 93
[2017-10-19T01:47:53.729Z] DJ0-vol 94
[2017-10-19T01:47:53.736Z] DJ0-vol 95
[2017-10-19T01:47:53.743Z] DJ0-vol 96
[2017-10-19T01:47:53.754Z] DJ0-vol 97
[2017-10-19T01:47:53.760Z] DJ0-vol 98
[2017-10-19T01:47:53.769Z] DJ0-vol 99
[2017-10-19T01:47:53.776Z] DJ0-vol 100
[2017-10-19T01:49:14.493Z] DJ0-say Hello! What would you like to listen to next?
[2017-10-19T01:49:19.217Z] DJ0-vol 50
[2017-10-19T01:49:21.367Z] DJ0-vol 51
[2017-10-19T01:49:21.393Z] DJ0-vol 52
[2017-10-19T01:49:21.426Z] DJ0-vol 53
[2017-10-19T01:49:21.449Z] DJ0-vol 54
[2017-10-19T01:49:21.472Z] DJ0-vol 55
[2017-10-19T01:49:21.498Z] DJ0-vol 56
[2017-10-19T01:49:21.531Z] DJ0-vol 57
[2017-10-19T01:49:21.575Z] DJ0-vol 58
[2017-10-19T01:49:21.595Z] DJ0-vol 59
[2017-10-19T01:49:21.617Z] DJ0-vol 60
[2017-10-19T01:49:21.649Z] DJ0-vol 61
[2017-10-19T01:49:21.658Z] DJ0-vol 62
[2017-10-19T01:49:21.682Z] DJ0-vol 63
[2017-10-19T01:49:21.718Z] DJ0-vol 64
[2017-10-19T01:49:21.747Z] DJ0-vol 65
[2017-10-19T01:49:21.785Z] DJ0-vol 66
[2017-10-19T01:49:21.844Z] DJ0-vol 67
[2017-10-19T01:49:21.859Z] DJ0-vol 68
[2017-10-19T01:49:21.880Z] DJ0-vol 69
[2017-10-19T01:49:21.916Z] DJ0-vol 70
[2017-10-19T01:49:21.961Z] DJ0-vol 71
[2017-10-19T01:49:22.025Z] DJ0-vol 72
[2017-10-19T01:49:22.054Z] DJ0-vol 73
[2017-10-19T01:49:22.082Z] DJ0-vol 74
[2017-10-19T01:49:22.112Z] DJ0-vol 75
[2017-10-19T01:49:22.121Z] DJ0-vol 76
[2017-10-19T01:49:22.138Z] DJ0-vol 77
[2017-10-19T01:49:22.152Z] DJ0-vol 78
[2017-10-19T01:49:22.170Z] DJ0-vol 79
[2017-10-19T01:49:22.178Z] DJ0-vol 80
[2017-10-19T01:49:22.185Z] DJ0-vol 81
[2017-10-19T01:49:22.196Z] DJ0-vol 82
[2017-10-19T01:49:22.212Z] DJ0-vol 83
[2017-10-19T01:49:22.417Z] DJ0-vol 84
[2017-10-19T01:49:22.460Z] DJ0-vol 85
[2017-10-19T01:49:22.491Z] DJ0-vol 86
[2017-10-19T01:49:22.500Z] DJ0-vol 87
[2017-10-19T01:49:22.507Z] DJ0-vol 88
[2017-10-19T01:49:22.513Z] DJ0-vol 89
[2017-10-19T01:49:22.519Z] DJ0-vol 90
[2017-10-19T01:49:22.525Z] DJ0-vol 91
[2017-10-19T01:49:22.535Z] DJ0-vol 92
[2017-10-19T01:49:22.542Z] DJ0-vol 93
[2017-10-19T01:49:22.550Z] DJ0-vol 94
[2017-10-19T01:49:22.557Z] DJ0-vol 95
[2017-10-19T01:49:22.570Z] DJ0-vol 96
[2017-10-19T01:49:22.577Z] DJ0-vol 97
[2017-10-19T01:49:22.594Z] DJ0-vol 98
[2017-10-19T01:49:22.855Z] DJ0-vol 99
[2017-10-19T01:49:22.871Z] DJ0-vol 100
[2017-10-19T01:49:24.913Z] DJ0-say Hello! What would you like to listen to next?
[2017-10-19T01:49:35.848Z] DJ0-vol 50
[2017-10-19T01:49:35.851Z] DJ0-say Hello!
[2017-10-19T01:49:40.193Z] DJ0-vol 51
[2017-10-19T01:49:40.218Z] DJ0-vol 52
[2017-10-19T01:49:40.244Z] DJ0-vol 53
[2017-10-19T01:49:40.269Z] DJ0-vol 54
[2017-10-19T01:49:40.296Z] DJ0-vol 55
[2017-10-19T01:49:40.321Z] DJ0-vol 56
[2017-10-19T01:49:40.355Z] DJ0-vol 57
[2017-10-19T01:49:40.375Z] DJ0-vol 58
[2017-10-19T01:49:40.399Z] DJ0-vol 59
[2017-10-19T01:49:40.432Z] DJ0-vol 60
[2017-10-19T01:49:40.471Z] DJ0-vol 61
[2017-10-19T01:49:40.501Z] DJ0-vol 62
[2017-10-19T01:49:40.511Z] DJ0-vol 63
[2017-10-19T01:49:40.529Z] DJ0-vol 64
[2017-10-19T01:49:40.572Z] DJ0-vol 65
[2017-10-19T01:49:40.626Z] DJ0-vol 66
[2017-10-19T01:49:40.633Z] DJ0-vol 67
[2017-10-19T01:49:40.692Z] DJ0-vol 68
[2017-10-19T01:49:40.756Z] DJ0-vol 69
[2017-10-19T01:49:40.767Z] DJ0-vol 70
[2017-10-19T01:49:40.805Z] DJ0-vol 71
[2017-10-19T01:49:40.819Z] DJ0-vol 72
[2017-10-19T01:49:40.836Z] DJ0-vol 73
[2017-10-19T01:49:40.855Z] DJ0-vol 74
[2017-10-19T01:49:40.874Z] DJ0-vol 75
[2017-10-19T01:49:41.023Z] DJ0-vol 76
[2017-10-19T01:49:41.030Z] DJ0-vol 77
[2017-10-19T01:49:41.051Z] DJ0-vol 78
[2017-10-19T01:49:41.058Z] DJ0-vol 79
[2017-10-19T01:49:41.067Z] DJ0-vol 80
[2017-10-19T01:49:41.078Z] DJ0-vol 81
[2017-10-19T01:49:41.092Z] DJ0-vol 82
[2017-10-19T01:49:41.107Z] DJ0-vol 83
[2017-10-19T01:49:41.250Z] DJ0-vol 84
[2017-10-19T01:49:41.259Z] DJ0-vol 85
[2017-10-19T01:49:41.269Z] DJ0-vol 86
[2017-10-19T01:49:41.275Z] DJ0-vol 87
[2017-10-19T01:49:41.282Z] DJ0-vol 88
[2017-10-19T01:49:41.289Z] DJ0-vol 89
[2017-10-19T01:49:41.297Z] DJ0-vol 90
[2017-10-19T01:49:41.304Z] DJ0-vol 91
[2017-10-19T01:49:41.311Z] DJ0-vol 92
[2017-10-19T01:49:41.319Z] DJ0-vol 93
[2017-10-19T01:49:41.326Z] DJ0-vol 94
[2017-10-19T01:49:41.339Z] DJ0-vol 95
[2017-10-19T01:49:41.355Z] DJ0-vol 96
[2017-10-19T01:49:41.647Z] DJ0-vol 97
[2017-10-19T01:49:41.663Z] DJ0-vol 98
[2017-10-19T01:49:41.671Z] DJ0-vol 99
[2017-10-19T01:49:41.700Z] DJ0-vol 100
[2017-10-19T01:49:42.446Z] DJ0-vol 50
[2017-10-19T01:49:42.453Z] DJ0-say Hi! What would you like to hear?
[2017-10-19T01:49:44.902Z] DJ0-vol 51
[2017-10-19T01:49:44.927Z] DJ0-vol 52
[2017-10-19T01:49:44.954Z] DJ0-vol 53
[2017-10-19T01:49:44.979Z] DJ0-vol 54
[2017-10-19T01:49:45.005Z] DJ0-vol 55
[2017-10-19T01:49:45.031Z] DJ0-vol 56
[2017-10-19T01:49:45.058Z] DJ0-vol 57
[2017-10-19T01:49:45.129Z] DJ0-vol 58
[2017-10-19T01:49:45.136Z] DJ0-vol 59
[2017-10-19T01:49:45.144Z] DJ0-vol 60
[2017-10-19T01:49:45.163Z] DJ0-vol 61
[2017-10-19T01:49:45.220Z] DJ0-vol 62
[2017-10-19T01:49:45.250Z] DJ0-vol 63
[2017-10-19T01:49:45.261Z] DJ0-vol 64
[2017-10-19T01:49:45.279Z] DJ0-vol 65
[2017-10-19T01:49:45.341Z] DJ0-vol 66
[2017-10-19T01:49:45.373Z] DJ0-vol 67
[2017-10-19T01:49:45.505Z] DJ0-vol 68
[2017-10-19T01:49:45.512Z] DJ0-vol 69
[2017-10-19T01:49:45.531Z] DJ0-vol 70
[2017-10-19T01:49:45.537Z] DJ0-vol 71
[2017-10-19T01:49:45.551Z] DJ0-vol 72
[2017-10-19T01:49:45.560Z] DJ0-vol 73
[2017-10-19T01:49:45.575Z] DJ0-vol 74
[2017-10-19T01:49:45.584Z] DJ0-vol 75
[2017-10-19T01:49:45.592Z] DJ0-vol 76
[2017-10-19T01:49:45.605Z] DJ0-vol 77
[2017-10-19T01:49:45.616Z] DJ0-vol 78
[2017-10-19T01:49:45.778Z] DJ0-vol 79
[2017-10-19T01:49:45.793Z] DJ0-vol 80
[2017-10-19T01:49:45.804Z] DJ0-vol 81
[2017-10-19T01:49:45.815Z] DJ0-vol 82
[2017-10-19T01:49:45.824Z] DJ0-vol 83
[2017-10-19T01:49:45.832Z] DJ0-vol 84
[2017-10-19T01:49:45.856Z] DJ0-vol 85
[2017-10-19T01:49:45.874Z] DJ0-vol 86
[2017-10-19T01:49:46.019Z] DJ0-vol 87
[2017-10-19T01:49:46.038Z] DJ0-vol 88
[2017-10-19T01:49:46.056Z] DJ0-vol 89
[2017-10-19T01:49:46.064Z] DJ0-vol 90
[2017-10-19T01:49:46.075Z] DJ0-vol 91
[2017-10-19T01:49:46.085Z] DJ0-vol 92
[2017-10-19T01:49:46.095Z] DJ0-vol 93
[2017-10-19T01:49:46.105Z] DJ0-vol 94
[2017-10-19T01:49:46.319Z] DJ0-vol 95
[2017-10-19T01:49:46.339Z] DJ0-vol 96
[2017-10-19T01:49:46.393Z] DJ0-vol 97
[2017-10-19T01:49:46.412Z] DJ0-vol 98
[2017-10-19T01:49:46.418Z] DJ0-vol 99
[2017-10-19T01:49:46.432Z] DJ0-vol 100
[2017-10-19T01:49:47.297Z] DJ0-vol 50
[2017-10-19T01:49:47.299Z] DJ0-say What bands do you like?
[2017-10-19T01:49:50.324Z] DJ0-vol 51
[2017-10-19T01:49:50.343Z] DJ0-vol 52
[2017-10-19T01:49:50.369Z] DJ0-vol 53
[2017-10-19T01:49:50.394Z] DJ0-vol 54
[2017-10-19T01:49:50.421Z] DJ0-vol 55
[2017-10-19T01:49:50.447Z] DJ0-vol 56
[2017-10-19T01:49:50.474Z] DJ0-vol 57
[2017-10-19T01:49:50.508Z] DJ0-vol 58
[2017-10-19T01:49:50.525Z] DJ0-vol 59
[2017-10-19T01:49:50.551Z] DJ0-vol 60
[2017-10-19T01:49:50.594Z] DJ0-vol 61
[2017-10-19T01:49:50.633Z] DJ0-vol 62
[2017-10-19T01:49:50.640Z] DJ0-vol 63
[2017-10-19T01:49:50.657Z] DJ0-vol 64
[2017-10-19T01:49:50.731Z] DJ0-vol 65
[2017-10-19T01:49:50.759Z] DJ0-vol 66
[2017-10-19T01:49:50.776Z] DJ0-vol 67
[2017-10-19T01:49:50.788Z] DJ0-vol 68
[2017-10-19T01:49:50.813Z] DJ0-vol 69
[2017-10-19T01:49:50.962Z] DJ0-vol 70
[2017-10-19T01:49:50.989Z] DJ0-vol 71
[2017-10-19T01:49:51.012Z] DJ0-vol 72
[2017-10-19T01:49:51.019Z] DJ0-vol 73
[2017-10-19T01:49:51.032Z] DJ0-vol 74
[2017-10-19T01:49:51.057Z] DJ0-vol 75
[2017-10-19T01:49:51.196Z] DJ0-vol 76
[2017-10-19T01:49:51.229Z] DJ0-vol 77
[2017-10-19T01:49:51.245Z] DJ0-vol 78
[2017-10-19T01:49:51.260Z] DJ0-vol 79
[2017-10-19T01:49:51.270Z] DJ0-vol 80
[2017-10-19T01:49:51.277Z] DJ0-vol 81
[2017-10-19T01:49:51.291Z] DJ0-vol 82
[2017-10-19T01:49:51.301Z] DJ0-vol 83
[2017-10-19T01:49:51.311Z] DJ0-vol 84
[2017-10-19T01:49:51.330Z] DJ0-vol 85
[2017-10-19T01:49:51.344Z] DJ0-vol 86
[2017-10-19T01:49:51.352Z] DJ0-vol 87
[2017-10-19T01:49:51.359Z] DJ0-vol 88
[2017-10-19T01:49:51.376Z] DJ0-vol 89
[2017-10-19T01:49:51.545Z] DJ0-vol 90
[2017-10-19T01:49:51.556Z] DJ0-vol 91
[2017-10-19T01:49:51.574Z] DJ0-vol 92
[2017-10-19T01:49:51.590Z] DJ0-vol 93
[2017-10-19T01:49:51.631Z] DJ0-vol 94
[2017-10-19T01:49:51.655Z] DJ0-vol 95
[2017-10-19T01:49:51.672Z] DJ0-vol 96
[2017-10-19T01:49:51.680Z] DJ0-vol 97
[2017-10-19T01:49:51.695Z] DJ0-vol 98
[2017-10-19T01:49:51.722Z] DJ0-vol 99
[2017-10-19T01:49:51.738Z] DJ0-vol 100
[2017-10-19T01:50:00.134Z] DJ0-say Hello! What would you like to listen to next?
[2017-10-19T01:50:06.236Z] DJ0-vol 50
[2017-10-19T01:50:06.239Z] DJ0-say What bands do you like?
[2017-10-19T01:50:08.337Z] DJ0-vol 51
[2017-10-19T01:50:08.354Z] DJ0-vol 52
[2017-10-19T01:50:08.379Z] DJ0-vol 53
[2017-10-19T01:50:08.406Z] DJ0-vol 54
[2017-10-19T01:50:08.433Z] DJ0-vol 55
[2017-10-19T01:50:08.456Z] DJ0-vol 56
[2017-10-19T01:50:08.483Z] DJ0-vol 57
[2017-10-19T01:50:08.513Z] DJ0-vol 58
[2017-10-19T01:50:08.536Z] DJ0-vol 59
[2017-10-19T01:50:08.571Z] DJ0-vol 60
[2017-10-19T01:50:08.594Z] DJ0-vol 61
[2017-10-19T01:50:08.657Z] DJ0-vol 62
[2017-10-19T01:50:08.664Z] DJ0-vol 63
[2017-10-19T01:50:08.711Z] DJ0-vol 64
[2017-10-19T01:50:08.752Z] DJ0-vol 65
[2017-10-19T01:50:08.908Z] DJ0-vol 66
[2017-10-19T01:50:08.933Z] DJ0-vol 67
[2017-10-19T01:50:08.945Z] DJ0-vol 68
[2017-10-19T01:50:08.973Z] DJ0-vol 69
[2017-10-19T01:50:09.042Z] DJ0-vol 70
[2017-10-19T01:50:09.061Z] DJ0-vol 71
[2017-10-19T01:50:09.076Z] DJ0-vol 72
[2017-10-19T01:50:09.104Z] DJ0-vol 73
[2017-10-19T01:50:09.135Z] DJ0-vol 74
[2017-10-19T01:50:09.165Z] DJ0-vol 75
[2017-10-19T01:50:09.194Z] DJ0-vol 76
[2017-10-19T01:50:09.239Z] DJ0-vol 77
[2017-10-19T01:50:09.291Z] DJ0-vol 78
[2017-10-19T01:50:09.304Z] DJ0-vol 79
[2017-10-19T01:50:09.332Z] DJ0-vol 80
[2017-10-19T01:50:09.375Z] DJ0-vol 81
[2017-10-19T01:50:09.435Z] DJ0-vol 82
[2017-10-19T01:50:09.465Z] DJ0-vol 83
[2017-10-19T01:50:09.501Z] DJ0-vol 84
[2017-10-19T01:50:09.559Z] DJ0-vol 85
[2017-10-19T01:50:09.572Z] DJ0-vol 86
[2017-10-19T01:50:09.595Z] DJ0-vol 87
[2017-10-19T01:50:09.627Z] DJ0-vol 88
[2017-10-19T01:50:09.663Z] DJ0-vol 89
[2017-10-19T01:50:09.675Z] DJ0-vol 90
[2017-10-19T01:50:09.693Z] DJ0-vol 91
[2017-10-19T01:50:09.702Z] DJ0-vol 92
[2017-10-19T01:50:09.715Z] DJ0-vol 93
[2017-10-19T01:50:09.726Z] DJ0-vol 94
[2017-10-19T01:50:09.739Z] DJ0-vol 95
[2017-10-19T01:50:09.748Z] DJ0-vol 96
[2017-10-19T01:50:09.759Z] DJ0-vol 97
[2017-10-19T01:50:09.772Z] DJ0-vol 98
[2017-10-19T01:50:09.782Z] DJ0-vol 99
[2017-10-19T01:50:10.033Z] DJ0-vol 100
[2017-10-19T01:56:49.147Z] DJ0-say Hello, I am a need finding machine
[2017-10-19T01:56:54.355Z] DJ0-vol 50
[2017-10-19T01:56:54.394Z] DJ0-say Hi! What would you like to hear?
[2017-10-19T01:56:58.457Z] DJ0-vol 51
[2017-10-19T01:56:58.476Z] DJ0-vol 52
[2017-10-19T01:56:58.501Z] DJ0-vol 53
[2017-10-19T01:56:58.526Z] DJ0-vol 54
[2017-10-19T01:56:58.555Z] DJ0-vol 55
[2017-10-19T01:56:58.583Z] DJ0-vol 56
[2017-10-19T01:56:58.607Z] DJ0-vol 57
[2017-10-19T01:56:58.632Z] DJ0-vol 58
[2017-10-19T01:56:58.673Z] DJ0-vol 59
[2017-10-19T01:56:58.684Z] DJ0-vol 60
[2017-10-19T01:56:58.708Z] DJ0-vol 61
[2017-10-19T01:56:58.748Z] DJ0-vol 62
[2017-10-19T01:56:58.774Z] DJ0-vol 63
[2017-10-19T01:56:58.791Z] DJ0-vol 64
[2017-10-19T01:56:58.813Z] DJ0-vol 65
[2017-10-19T01:56:58.877Z] DJ0-vol 66
[2017-10-19T01:56:58.911Z] DJ0-vol 67
[2017-10-19T01:56:58.934Z] DJ0-vol 68
[2017-10-19T01:56:58.945Z] DJ0-vol 69
[2017-10-19T01:56:59.000Z] DJ0-vol 70
[2017-10-19T01:56:59.033Z] DJ0-vol 71
[2017-10-19T01:56:59.043Z] DJ0-vol 72
[2017-10-19T01:56:59.050Z] DJ0-vol 73
[2017-10-19T01:56:59.061Z] DJ0-vol 74
[2017-10-19T01:56:59.095Z] DJ0-vol 75
[2017-10-19T01:56:59.120Z] DJ0-vol 76
[2017-10-19T01:56:59.143Z] DJ0-vol 77
[2017-10-19T01:56:59.323Z] DJ0-vol 78
[2017-10-19T01:56:59.357Z] DJ0-vol 79
[2017-10-19T01:56:59.377Z] DJ0-vol 80
[2017-10-19T01:56:59.405Z] DJ0-vol 81
[2017-10-19T01:56:59.423Z] DJ0-vol 82
[2017-10-19T01:56:59.435Z] DJ0-vol 83
[2017-10-19T01:56:59.442Z] DJ0-vol 84
[2017-10-19T01:56:59.452Z] DJ0-vol 85
[2017-10-19T01:56:59.459Z] DJ0-vol 86
[2017-10-19T01:56:59.469Z] DJ0-vol 87
[2017-10-19T01:56:59.476Z] DJ0-vol 88
[2017-10-19T01:56:59.485Z] DJ0-vol 89
[2017-10-19T01:56:59.498Z] DJ0-vol 90
[2017-10-19T01:56:59.505Z] DJ0-vol 91
[2017-10-19T01:56:59.516Z] DJ0-vol 92
[2017-10-19T01:56:59.707Z] DJ0-vol 93
[2017-10-19T01:56:59.746Z] DJ0-vol 94
[2017-10-19T01:56:59.801Z] DJ0-vol 95
[2017-10-19T01:56:59.813Z] DJ0-vol 96
[2017-10-19T01:56:59.822Z] DJ0-vol 97
[2017-10-19T01:56:59.833Z] DJ0-vol 98
[2017-10-19T01:56:59.841Z] DJ0-vol 99
[2017-10-19T01:56:59.854Z] DJ0-vol 100
[2017-10-19T01:57:06.227Z] DJ0-vol 50
[2017-10-19T01:57:06.230Z] DJ0-say Here is a custom message!
[2017-10-19T01:57:10.472Z] DJ0-vol 51
[2017-10-19T01:57:10.499Z] DJ0-vol 52
[2017-10-19T01:57:10.531Z] DJ0-vol 53
[2017-10-19T01:57:10.549Z] DJ0-vol 54
[2017-10-19T01:57:10.598Z] DJ0-vol 55
[2017-10-19T01:57:10.627Z] DJ0-vol 56
[2017-10-19T01:57:10.661Z] DJ0-vol 57
[2017-10-19T01:57:10.695Z] DJ0-vol 58
[2017-10-19T01:57:10.762Z] DJ0-vol 59
[2017-10-19T01:57:10.793Z] DJ0-vol 60
[2017-10-19T01:57:10.805Z] DJ0-vol 61
[2017-10-19T01:57:10.825Z] DJ0-vol 62
[2017-10-19T01:57:10.856Z] DJ0-vol 63
[2017-10-19T01:57:10.928Z] DJ0-vol 64
[2017-10-19T01:57:10.957Z] DJ0-vol 65
[2017-10-19T01:57:10.990Z] DJ0-vol 66
[2017-10-19T01:57:11.007Z] DJ0-vol 67
[2017-10-19T01:57:11.054Z] DJ0-vol 68
[2017-10-19T01:57:11.148Z] DJ0-vol 69
[2017-10-19T01:57:11.165Z] DJ0-vol 70
[2017-10-19T01:57:11.178Z] DJ0-vol 71
[2017-10-19T01:57:11.204Z] DJ0-vol 72
[2017-10-19T01:57:11.244Z] DJ0-vol 73
[2017-10-19T01:57:11.292Z] DJ0-vol 74
[2017-10-19T01:57:11.299Z] DJ0-vol 75
[2017-10-19T01:57:11.308Z] DJ0-vol 76
[2017-10-19T01:57:11.321Z] DJ0-vol 77
[2017-10-19T01:57:11.340Z] DJ0-vol 78
[2017-10-19T01:57:11.355Z] DJ0-vol 79
[2017-10-19T01:57:11.361Z] DJ0-vol 80
[2017-10-19T01:57:11.381Z] DJ0-vol 81
[2017-10-19T01:57:11.404Z] DJ0-vol 82
[2017-10-19T01:57:11.542Z] DJ0-vol 83
[2017-10-19T01:57:11.556Z] DJ0-vol 84
[2017-10-19T01:57:11.563Z] DJ0-vol 85
[2017-10-19T01:57:11.577Z] DJ0-vol 86
[2017-10-19T01:57:11.585Z] DJ0-vol 87
[2017-10-19T01:57:11.595Z] DJ0-vol 88
[2017-10-19T01:57:11.602Z] DJ0-vol 89
[2017-10-19T01:57:11.609Z] DJ0-vol 90
[2017-10-19T01:57:11.618Z] DJ0-vol 91
[2017-10-19T01:57:11.627Z] DJ0-vol 92
[2017-10-19T01:57:11.634Z] DJ0-vol 93
[2017-10-19T01:57:11.650Z] DJ0-vol 94
[2017-10-19T01:57:11.657Z] DJ0-vol 95
[2017-10-19T01:57:11.917Z] DJ0-vol 96
[2017-10-19T01:57:11.926Z] DJ0-vol 97
[2017-10-19T01:57:11.935Z] DJ0-vol 98
[2017-10-19T01:57:11.943Z] DJ0-vol 99
[2017-10-19T01:57:11.953Z] DJ0-vol 100
[2017-10-19T01:57:18.728Z] DJ0-vol 50
[2017-10-19T01:57:18.732Z] DJ0-say Here is a custom message!
[2017-10-19T01:57:22.204Z] DJ0-say Here is a custom message!
[2017-10-19T01:57:22.216Z] DJ0-vol 51
[2017-10-19T01:57:22.242Z] DJ0-vol 52
[2017-10-19T01:57:22.268Z] DJ0-vol 53
[2017-10-19T01:57:22.308Z] DJ0-vol 54
[2017-10-19T01:57:22.322Z] DJ0-vol 55
[2017-10-19T01:57:22.345Z] DJ0-vol 56
[2017-10-19T01:57:22.378Z] DJ0-vol 57
[2017-10-19T01:57:22.433Z] DJ0-vol 58
[2017-10-19T01:57:22.439Z] DJ0-vol 59
[2017-10-19T01:57:22.455Z] DJ0-vol 60
[2017-10-19T01:57:22.474Z] DJ0-vol 61
[2017-10-19T01:57:22.546Z] DJ0-vol 62
[2017-10-19T01:57:22.588Z] DJ0-vol 63
[2017-10-19T01:57:22.636Z] DJ0-vol 64
[2017-10-19T01:57:22.673Z] DJ0-vol 65
[2017-10-19T01:57:22.685Z] DJ0-vol 66
[2017-10-19T01:57:22.701Z] DJ0-vol 67
[2017-10-19T01:57:22.735Z] DJ0-vol 68
[2017-10-19T01:57:22.808Z] DJ0-vol 69
[2017-10-19T01:57:22.858Z] DJ0-vol 70
[2017-10-19T01:57:22.899Z] DJ0-vol 71
[2017-10-19T01:57:22.920Z] DJ0-vol 72
[2017-10-19T01:57:23.029Z] DJ0-vol 73
[2017-10-19T01:57:23.058Z] DJ0-vol 74
[2017-10-19T01:57:23.067Z] DJ0-vol 75
[2017-10-19T01:57:23.073Z] DJ0-vol 76
[2017-10-19T01:57:23.079Z] DJ0-vol 77
[2017-10-19T01:57:23.086Z] DJ0-vol 78
[2017-10-19T01:57:23.098Z] DJ0-vol 79
[2017-10-19T01:57:23.105Z] DJ0-vol 80
[2017-10-19T01:57:23.112Z] DJ0-vol 81
[2017-10-19T01:57:23.118Z] DJ0-vol 82
[2017-10-19T01:57:23.124Z] DJ0-vol 83
[2017-10-19T01:57:23.137Z] DJ0-vol 84
[2017-10-19T01:57:23.144Z] DJ0-vol 85
[2017-10-19T01:57:23.153Z] DJ0-vol 86
[2017-10-19T01:57:23.159Z] DJ0-vol 87
[2017-10-19T01:57:23.178Z] DJ0-vol 88
[2017-10-19T01:57:23.434Z] DJ0-vol 89
[2017-10-19T01:57:23.441Z] DJ0-vol 90
[2017-10-19T01:57:23.462Z] DJ0-vol 91
[2017-10-19T01:57:23.469Z] DJ0-vol 92
[2017-10-19T01:57:23.482Z] DJ0-vol 93
[2017-10-19T01:57:23.489Z] DJ0-vol 94
[2017-10-19T01:57:23.496Z] DJ0-vol 95
[2017-10-19T01:57:23.505Z] DJ0-vol 96
[2017-10-19T01:57:23.519Z] DJ0-vol 97
[2017-10-19T01:57:23.540Z] DJ0-vol 98
[2017-10-19T01:57:23.549Z] DJ0-vol 99
[2017-10-19T01:57:23.811Z] DJ0-vol 100
[2017-10-19T01:57:26.340Z] DJ0-vol 50
[2017-10-19T01:57:28.229Z] DJ0-vol 51
[2017-10-19T01:57:28.254Z] DJ0-vol 52
[2017-10-19T01:57:28.280Z] DJ0-vol 53
[2017-10-19T01:57:28.307Z] DJ0-vol 54
[2017-10-19T01:57:28.332Z] DJ0-vol 55
[2017-10-19T01:57:28.360Z] DJ0-vol 56
[2017-10-19T01:57:28.385Z] DJ0-vol 57
[2017-10-19T01:57:28.415Z] DJ0-vol 58
[2017-10-19T01:57:28.442Z] DJ0-vol 59
[2017-10-19T01:57:28.464Z] DJ0-vol 60
[2017-10-19T01:57:28.489Z] DJ0-vol 61
[2017-10-19T01:57:28.515Z] DJ0-vol 62
[2017-10-19T01:57:28.548Z] DJ0-vol 63
[2017-10-19T01:57:28.573Z] DJ0-vol 64
[2017-10-19T01:57:28.598Z] DJ0-vol 65
[2017-10-19T01:57:28.629Z] DJ0-vol 66
[2017-10-19T01:57:28.716Z] DJ0-vol 67
[2017-10-19T01:57:28.749Z] DJ0-vol 68
[2017-10-19T01:57:28.775Z] DJ0-vol 69
[2017-10-19T01:57:28.818Z] DJ0-vol 70
[2017-10-19T01:57:28.836Z] DJ0-vol 71
[2017-10-19T01:57:28.844Z] DJ0-vol 72
[2017-10-19T01:57:28.853Z] DJ0-vol 73
[2017-10-19T01:57:28.865Z] DJ0-vol 74
[2017-10-19T01:57:28.873Z] DJ0-vol 75
[2017-10-19T01:57:28.938Z] DJ0-vol 76
[2017-10-19T01:57:29.068Z] DJ0-vol 77
[2017-10-19T01:57:29.076Z] DJ0-vol 78
[2017-10-19T01:57:29.083Z] DJ0-vol 79
[2017-10-19T01:57:29.097Z] DJ0-vol 80
[2017-10-19T01:57:29.118Z] DJ0-vol 81
[2017-10-19T01:57:29.124Z] DJ0-vol 82
[2017-10-19T01:57:29.138Z] DJ0-vol 83
[2017-10-19T01:57:29.158Z] DJ0-vol 84
[2017-10-19T01:57:29.168Z] DJ0-vol 85
[2017-10-19T01:57:29.182Z] DJ0-vol 86
[2017-10-19T01:57:29.322Z] DJ0-vol 87
[2017-10-19T01:57:29.337Z] DJ0-vol 88
[2017-10-19T01:57:29.347Z] DJ0-vol 89
[2017-10-19T01:57:29.357Z] DJ0-vol 90
[2017-10-19T01:57:29.368Z] DJ0-vol 91
[2017-10-19T01:57:29.388Z] DJ0-vol 92
[2017-10-19T01:57:29.413Z] DJ0-vol 93
[2017-10-19T01:57:29.423Z] DJ0-vol 94
[2017-10-19T01:57:29.432Z] DJ0-vol 95
[2017-10-19T01:57:29.708Z] DJ0-vol 96
[2017-10-19T01:57:29.719Z] DJ0-vol 97
[2017-10-19T01:57:29.733Z] DJ0-vol 98
[2017-10-19T01:57:29.742Z] DJ0-vol 99
[2017-10-19T01:57:29.764Z] DJ0-vol 100
[2017-10-19T01:58:52.502Z] DJ0-vol 50
[2017-10-19T01:58:52.539Z] DJ0-say Hi! What would you like to hear?
[2017-10-19T01:59:04.495Z] DJ0-say Glenn miller ok
[2017-10-19T01:59:04.520Z] DJ0-vol 51
[2017-10-19T01:59:04.545Z] DJ0-vol 52
[2017-10-19T01:59:04.572Z] DJ0-vol 53
[2017-10-19T01:59:04.596Z] DJ0-vol 54
[2017-10-19T01:59:04.624Z] DJ0-vol 55
[2017-10-19T01:59:04.648Z] DJ0-vol 56
[2017-10-19T01:59:04.675Z] DJ0-vol 57
[2017-10-19T01:59:04.709Z] DJ0-vol 58
[2017-10-19T01:59:04.749Z] DJ0-vol 59
[2017-10-19T01:59:04.767Z] DJ0-vol 60
[2017-10-19T01:59:04.780Z] DJ0-vol 61
[2017-10-19T01:59:04.806Z] DJ0-vol 62
[2017-10-19T01:59:04.834Z] DJ0-vol 63
[2017-10-19T01:59:04.879Z] DJ0-vol 64
[2017-10-19T01:59:04.941Z] DJ0-vol 65
[2017-10-19T01:59:05.007Z] DJ0-vol 66
[2017-10-19T01:59:05.013Z] DJ0-vol 67
[2017-10-19T01:59:05.020Z] DJ0-vol 68
[2017-10-19T01:59:05.032Z] DJ0-vol 69
[2017-10-19T01:59:05.039Z] DJ0-vol 70
[2017-10-19T01:59:05.059Z] DJ0-vol 71
[2017-10-19T01:59:05.073Z] DJ0-vol 72
[2017-10-19T01:59:05.091Z] DJ0-vol 73
[2017-10-19T01:59:05.118Z] DJ0-vol 74
[2017-10-19T01:59:05.276Z] DJ0-vol 75
[2017-10-19T01:59:05.355Z] DJ0-vol 76
[2017-10-19T01:59:05.368Z] DJ0-vol 77
[2017-10-19T01:59:05.409Z] DJ0-vol 78
[2017-10-19T01:59:05.445Z] DJ0-vol 79
[2017-10-19T01:59:05.509Z] DJ0-vol 80
[2017-10-19T01:59:05.523Z] DJ0-vol 81
[2017-10-19T01:59:05.540Z] DJ0-vol 82
[2017-10-19T01:59:05.569Z] DJ0-vol 83
[2017-10-19T01:59:05.676Z] DJ0-vol 84
[2017-10-19T01:59:05.685Z] DJ0-vol 85
[2017-10-19T01:59:05.701Z] DJ0-vol 86
[2017-10-19T01:59:05.714Z] DJ0-vol 87
[2017-10-19T01:59:05.728Z] DJ0-vol 88
[2017-10-19T01:59:05.743Z] DJ0-vol 89
[2017-10-19T01:59:05.892Z] DJ0-vol 90
[2017-10-19T01:59:05.906Z] DJ0-vol 91
[2017-10-19T01:59:05.919Z] DJ0-vol 92
[2017-10-19T01:59:05.932Z] DJ0-vol 93
[2017-10-19T01:59:05.938Z] DJ0-vol 94
[2017-10-19T01:59:05.948Z] DJ0-vol 95
[2017-10-19T01:59:05.963Z] DJ0-vol 96
[2017-10-19T01:59:05.976Z] DJ0-vol 97
[2017-10-19T01:59:05.986Z] DJ0-vol 98
[2017-10-19T01:59:06.005Z] DJ0-vol 99
[2017-10-19T01:59:06.179Z] DJ0-vol 100
[2017-10-19T01:59:17.293Z] DJ0-vol 50
[2017-10-19T01:59:17.296Z] DJ0-say here is in the mood
[2017-10-19T01:59:19.525Z] DJ0-vol 51
[2017-10-19T01:59:19.553Z] DJ0-vol 52
[2017-10-19T01:59:19.574Z] DJ0-vol 53
[2017-10-19T01:59:19.601Z] DJ0-vol 54
[2017-10-19T01:59:19.630Z] DJ0-vol 55
[2017-10-19T01:59:19.659Z] DJ0-vol 56
[2017-10-19T01:59:19.679Z] DJ0-vol 57
[2017-10-19T01:59:19.709Z] DJ0-vol 58
[2017-10-19T01:59:19.730Z] DJ0-vol 59
[2017-10-19T01:59:19.789Z] DJ0-vol 60
[2017-10-19T01:59:19.796Z] DJ0-vol 61
[2017-10-19T01:59:19.811Z] DJ0-vol 62
[2017-10-19T01:59:19.834Z] DJ0-vol 63
[2017-10-19T01:59:19.865Z] DJ0-vol 64
[2017-10-19T01:59:19.908Z] DJ0-vol 65
[2017-10-19T01:59:19.937Z] DJ0-vol 66
[2017-10-19T01:59:19.950Z] DJ0-vol 67
[2017-10-19T01:59:20.024Z] DJ0-vol 68
[2017-10-19T01:59:20.163Z] DJ0-vol 69
[2017-10-19T01:59:20.174Z] DJ0-vol 70
[2017-10-19T01:59:20.182Z] DJ0-vol 71
[2017-10-19T01:59:20.189Z] DJ0-vol 72
[2017-10-19T01:59:20.197Z] DJ0-vol 73
[2017-10-19T01:59:20.205Z] DJ0-vol 74
[2017-10-19T01:59:20.216Z] DJ0-vol 75
[2017-10-19T01:59:20.223Z] DJ0-vol 76
[2017-10-19T01:59:20.235Z] DJ0-vol 77
[2017-10-19T01:59:20.242Z] DJ0-vol 78
[2017-10-19T01:59:20.253Z] DJ0-vol 79
[2017-10-19T01:59:20.277Z] DJ0-vol 80
[2017-10-19T01:59:20.483Z] DJ0-vol 81
[2017-10-19T01:59:20.540Z] DJ0-vol 82
[2017-10-19T01:59:20.548Z] DJ0-vol 83
[2017-10-19T01:59:20.556Z] DJ0-vol 84
[2017-10-19T01:59:20.563Z] DJ0-vol 85
[2017-10-19T01:59:20.570Z] DJ0-vol 86
[2017-10-19T01:59:20.578Z] DJ0-vol 87
[2017-10-19T01:59:20.587Z] DJ0-vol 88
[2017-10-19T01:59:20.594Z] DJ0-vol 89
[2017-10-19T01:59:20.601Z] DJ0-vol 90
[2017-10-19T01:59:20.607Z] DJ0-vol 91
[2017-10-19T01:59:20.617Z] DJ0-vol 92
[2017-10-19T01:59:20.624Z] DJ0-vol 93
[2017-10-19T01:59:20.637Z] DJ0-vol 94
[2017-10-19T01:59:20.662Z] DJ0-vol 95
[2017-10-19T01:59:20.928Z] DJ0-vol 96
[2017-10-19T01:59:20.935Z] DJ0-vol 97
[2017-10-19T01:59:20.941Z] DJ0-vol 98
[2017-10-19T01:59:20.949Z] DJ0-vol 99
[2017-10-19T01:59:20.957Z] DJ0-vol 100
[2017-10-19T01:59:38.468Z] DJ0-vol 79
[2017-10-19T01:59:43.848Z] DJ0-vol 99
[2017-10-19T01:59:44.514Z] DJ0-vol 100
[2017-10-19T01:59:45.535Z] DJ0-vol 50
[2017-10-19T01:59:47.686Z] DJ0-vol 51
[2017-10-19T01:59:47.715Z] DJ0-vol 52
[2017-10-19T01:59:47.739Z] DJ0-vol 53
[2017-10-19T01:59:47.836Z] DJ0-vol 54
[2017-10-19T01:59:47.843Z] DJ0-vol 55
[2017-10-19T01:59:47.849Z] DJ0-vol 56
[2017-10-19T01:59:47.856Z] DJ0-vol 57
[2017-10-19T01:59:47.869Z] DJ0-vol 58
[2017-10-19T01:59:47.895Z] DJ0-vol 59
[2017-10-19T01:59:47.922Z] DJ0-vol 60
[2017-10-19T01:59:47.949Z] DJ0-vol 61
[2017-10-19T01:59:47.973Z] DJ0-vol 62
[2017-10-19T01:59:48.002Z] DJ0-vol 63
[2017-10-19T01:59:48.045Z] DJ0-vol 64
[2017-10-19T01:59:48.087Z] DJ0-vol 65
[2017-10-19T01:59:48.101Z] DJ0-vol 66
[2017-10-19T01:59:48.111Z] DJ0-vol 67
[2017-10-19T01:59:48.136Z] DJ0-vol 68
[2017-10-19T01:59:48.160Z] DJ0-vol 69
[2017-10-19T01:59:48.195Z] DJ0-vol 70
[2017-10-19T01:59:48.338Z] DJ0-vol 71
[2017-10-19T01:59:48.344Z] DJ0-vol 72
[2017-10-19T01:59:48.356Z] DJ0-vol 73
[2017-10-19T01:59:48.362Z] DJ0-vol 74
[2017-10-19T01:59:48.374Z] DJ0-vol 75
[2017-10-19T01:59:48.388Z] DJ0-vol 76
[2017-10-19T01:59:48.403Z] DJ0-vol 77
[2017-10-19T01:59:48.410Z] DJ0-vol 78
[2017-10-19T01:59:48.423Z] DJ0-vol 79
[2017-10-19T01:59:48.442Z] DJ0-vol 80
[2017-10-19T01:59:48.597Z] DJ0-vol 81
[2017-10-19T01:59:48.615Z] DJ0-vol 82
[2017-10-19T01:59:48.622Z] DJ0-vol 83
[2017-10-19T01:59:48.638Z] DJ0-vol 84
[2017-10-19T01:59:48.648Z] DJ0-vol 85
[2017-10-19T01:59:48.656Z] DJ0-vol 86
[2017-10-19T01:59:48.664Z] DJ0-vol 87
[2017-10-19T01:59:48.673Z] DJ0-vol 88
[2017-10-19T01:59:48.680Z] DJ0-vol 89
[2017-10-19T01:59:48.700Z] DJ0-vol 90
[2017-10-19T01:59:48.839Z] DJ0-vol 91
[2017-10-19T01:59:48.861Z] DJ0-vol 92
[2017-10-19T01:59:48.867Z] DJ0-vol 93
[2017-10-19T01:59:48.876Z] DJ0-vol 94
[2017-10-19T01:59:48.884Z] DJ0-vol 95
[2017-10-19T01:59:48.905Z] DJ0-vol 96
[2017-10-19T01:59:48.916Z] DJ0-vol 97
[2017-10-19T01:59:48.934Z] DJ0-vol 98
[2017-10-19T01:59:48.943Z] DJ0-vol 99
[2017-10-19T01:59:48.961Z] DJ0-vol 100
[2017-10-19T02:15:46.594Z] Waiting for messages...
[2017-10-19T02:15:46.600Z] DJ0-say Hello, my name is DJ bot!
[2017-10-19T04:10:24.128Z] Waiting for messages...
[2017-10-19T04:10:24.135Z] DJ0-say Hello, my name is DJ bot!
[2017-10-19T04:14:43.245Z] Waiting for messages...
[2017-10-19T04:14:43.271Z] DJ0-say Hello, my name is DJ bot!
